nohup: ignoring input
📁 存储模式：本地存储
(node:432299) [MONGOOSE] Warning: Duplicate schema index on {"bunnyId":1} found. This is often due to declaring an index using both "index: true" and "schema.index()". Please remove the duplicate index definition.
(Use `node --trace-warnings ...` to show where the warning was created)
(node:432299) [MONGODB DRIVER] Warning: useNewUrlParser is a deprecated option: useNewUrlParser has no effect since Node.js Driver version 4.0.0 and will be removed in the next major version
(node:432299) [MONGODB DRIVER] Warning: useUnifiedTopology is a deprecated option: useUnifiedTopology has no effect since Node.js Driver version 4.0.0 and will be removed in the next major version
🚀 Server running at http://localhost:3000
✅ MongoDB 已连接
[0mGET /metrics [33m404[0m 2.336 ms - 73[0m
▶ Received /api/createpaymentintent, body = { amount: 500, currency: 'usd' }
createPaymentIntent error: StripeAuthenticationError: Invalid API Key provided: sk_test_*ummy
    at res.toJSON.then.Error_js_1.StripeAPIError.message (/root/content-distribution/node_modules/stripe/cjs/RequestSender.js:96:31)
    at process.processTicksAndRejections (node:internal/process/task_queues:95:5) {
  type: 'StripeAuthenticationError',
  raw: {
    message: 'Invalid API Key provided: sk_test_*ummy',
    type: 'invalid_request_error',
    headers: {
      server: 'nginx',
      date: 'Tue, 01 Jul 2025 16:02:25 GMT',
      'content-type': 'application/json',
      'content-length': '115',
      connection: 'keep-alive',
      'access-control-allow-credentials': 'true',
      'access-control-allow-methods': 'GET, HEAD, PUT, PATCH, POST, DELETE',
      'access-control-allow-origin': '*',
      'access-control-expose-headers': 'Request-Id, Stripe-Manage-Version, Stripe-Should-Retry, X-Stripe-External-Auth-Required, X-Stripe-Privileged-Session-Required',
      'access-control-max-age': '300',
      'cache-control': 'no-cache, no-store',
      'content-security-policy': "base-uri 'none'; default-src 'none'; form-action 'none'; frame-ancestors 'none'; img-src 'self'; script-src 'self' 'report-sample'; style-src 'self'; worker-src 'none'; upgrade-insecure-requests; report-uri https://q.stripe.com/csp-violation?q=gl9kNknM1nm8XCWhue74e3VsgHXFJjoagnGDs9QRWZ6tpbaleAGA0TTGwWHI2HtR4TY5jfXUeFyvlq9b",
      vary: 'Origin',
      'www-authenticate': 'Bearer realm="Stripe"',
      'x-robots-tag': 'none',
      'x-wc': 'ABHI',
      'strict-transport-security': 'max-age=63072000; includeSubDomains; preload'
    },
    statusCode: 401,
    requestId: undefined
  },
  rawType: 'invalid_request_error',
  code: undefined,
  doc_url: undefined,
  param: undefined,
  detail: undefined,
  headers: {
    server: 'nginx',
    date: 'Tue, 01 Jul 2025 16:02:25 GMT',
    'content-type': 'application/json',
    'content-length': '115',
    connection: 'keep-alive',
    'access-control-allow-credentials': 'true',
    'access-control-allow-methods': 'GET, HEAD, PUT, PATCH, POST, DELETE',
    'access-control-allow-origin': '*',
    'access-control-expose-headers': 'Request-Id, Stripe-Manage-Version, Stripe-Should-Retry, X-Stripe-External-Auth-Required, X-Stripe-Privileged-Session-Required',
    'access-control-max-age': '300',
    'cache-control': 'no-cache, no-store',
    'content-security-policy': "base-uri 'none'; default-src 'none'; form-action 'none'; frame-ancestors 'none'; img-src 'self'; script-src 'self' 'report-sample'; style-src 'self'; worker-src 'none'; upgrade-insecure-requests; report-uri https://q.stripe.com/csp-violation?q=gl9kNknM1nm8XCWhue74e3VsgHXFJjoagnGDs9QRWZ6tpbaleAGA0TTGwWHI2HtR4TY5jfXUeFyvlq9b",
    vary: 'Origin',
    'www-authenticate': 'Bearer realm="Stripe"',
    'x-robots-tag': 'none',
    'x-wc': 'ABHI',
    'strict-transport-security': 'max-age=63072000; includeSubDomains; preload'
  },
  requestId: undefined,
  statusCode: 401,
  userMessage: undefined,
  charge: undefined,
  decline_code: undefined,
  payment_intent: undefined,
  payment_method: undefined,
  payment_method_type: undefined,
  setup_intent: undefined,
  source: undefined
}
